app/build/intermediates/manifest_merge_blame_file/release/manifest-merger-blame-release-report.txt
1<?xml version="1.0" encoding="utf-8"?>
2<manifest xmlns:android="http://schemas.android.com/apk/res/android"
3    package="com.sgtbps"
4    android:versionCode="6"
5    android:versionName="1.0.3" >
6
7    <uses-sdk
8        android:minSdkVersion="19"
8-->src\main\AndroidManifest.xml
9        android:targetSdkVersion="33" />
9-->src\main\AndroidManifest.xml
10
11    <uses-permission android:name="android.permission.POST_NOTIFICATIONS" />
11-->src\main\AndroidManifest.xml:5:5-77
11-->src\main\AndroidManifest.xml:5:22-74
12    <uses-permission android:name="android.permission.WRITE_CALENDAR" />
12-->src\main\AndroidManifest.xml:6:5-73
12-->src\main\AndroidManifest.xml:6:22-70
13    <uses-permission android:name="android.permission.WRITE_EXTERNAL_STORAGE" />
13-->src\main\AndroidManifest.xml:7:5-81
13-->src\main\AndroidManifest.xml:7:22-78
14    <uses-permission
14-->src\main\AndroidManifest.xml:8:5-94
15        android:name="android.permission.CALL_PHONE"
15-->src\main\AndroidManifest.xml:8:22-66
16        android:required="false" />
16-->src\main\AndroidManifest.xml:8:67-91
17    <uses-permission android:name="android.permission.READ_EXTERNAL_STORAGE" />
17-->src\main\AndroidManifest.xml:9:5-80
17-->src\main\AndroidManifest.xml:9:22-77
18    <uses-permission android:name="android.permission.INTERNET" />
18-->src\main\AndroidManifest.xml:10:5-67
18-->src\main\AndroidManifest.xml:10:22-64
19    <uses-permission android:name="android.permission.ACCESS_NETWORK_STATE" />
19-->src\main\AndroidManifest.xml:11:5-79
19-->src\main\AndroidManifest.xml:11:22-76
20    <uses-permission android:name="android.permission.READ_CALENDAR" />
20-->src\main\AndroidManifest.xml:12:5-72
20-->src\main\AndroidManifest.xml:12:22-69
21    <uses-permission
21-->src\main\AndroidManifest.xml:13:5-15:36
22        android:name="android.permission.CAMERA"
22-->src\main\AndroidManifest.xml:14:9-49
23        android:required="false" />
23-->src\main\AndroidManifest.xml:15:9-33
24    <uses-permission android:name="android.permission.READ_PHONE_STATE" />
24-->src\main\AndroidManifest.xml:16:5-75
24-->src\main\AndroidManifest.xml:16:22-72
25
26    <uses-feature
26-->src\main\AndroidManifest.xml:18:5-20:36
27        android:name="android.hardware.telephony"
27-->src\main\AndroidManifest.xml:19:9-50
28        android:required="false" />
28-->src\main\AndroidManifest.xml:20:9-33
29    <uses-feature
29-->src\main\AndroidManifest.xml:21:5-23:36
30        android:name="android.hardware.camera.autofocus"
30-->src\main\AndroidManifest.xml:22:9-57
31        android:required="false" />
31-->src\main\AndroidManifest.xml:23:9-33
32    <uses-feature
32-->src\main\AndroidManifest.xml:24:5-26:36
33        android:name="android.hardware.camera"
33-->src\main\AndroidManifest.xml:25:9-47
34        android:required="false" />
34-->src\main\AndroidManifest.xml:26:9-33
35
36    <uses-permission android:name="android.permission.WAKE_LOCK" /> <!-- Required by older versions of Google Play services to create IID tokens -->
36-->[com.google.firebase:firebase-iid:20.0.0] AndroidManifest.xml:24:5-68
36-->[com.google.firebase:firebase-iid:20.0.0] AndroidManifest.xml:24:22-65
37    <uses-permission android:name="com.google.android.c2dm.permission.RECEIVE" />
37-->[com.google.firebase:firebase-iid:20.0.0] AndroidManifest.xml:26:5-82
37-->[com.google.firebase:firebase-iid:20.0.0] AndroidManifest.xml:26:22-79
38
39    <application
39-->src\main\AndroidManifest.xml:28:5-241:19
40        android:name="com.sgtbps.utils.MyApp"
40-->src\main\AndroidManifest.xml:29:9-36
41        android:appComponentFactory="androidx.core.app.CoreComponentFactory"
41-->[androidx.core:core:1.0.0] AndroidManifest.xml:22:18-86
42        android:icon="@drawable/sgtbp_logo"
42-->src\main\AndroidManifest.xml:30:9-44
43        android:label="@string/app_name"
43-->src\main\AndroidManifest.xml:31:9-41
44        android:launchMode="singleInstance"
44-->src\main\AndroidManifest.xml:32:9-44
45        android:requestLegacyExternalStorage="true"
45-->src\main\AndroidManifest.xml:33:9-52
46        android:roundIcon="@drawable/splash"
46-->src\main\AndroidManifest.xml:34:9-45
47        android:supportsRtl="true"
47-->src\main\AndroidManifest.xml:35:9-35
48        android:theme="@style/AppTheme"
48-->src\main\AndroidManifest.xml:36:9-40
49        android:usesCleartextTraffic="true" >
49-->src\main\AndroidManifest.xml:37:9-44
50
51        <!-- <activity -->
52        <!-- android:name=".DemoActivity" -->
53        <!-- android:exported="false" /> -->
54        <activity
54-->src\main\AndroidManifest.xml:41:9-43:39
55            android:name="com.sgtbps.students.StudentCoursePerformance"
55-->src\main\AndroidManifest.xml:42:13-62
56            android:exported="true" />
56-->src\main\AndroidManifest.xml:43:13-36
57        <activity
57-->src\main\AndroidManifest.xml:44:9-46:39
58            android:name="com.sgtbps.students.StudentUploadDocument"
58-->src\main\AndroidManifest.xml:45:13-59
59            android:exported="true" />
59-->src\main\AndroidManifest.xml:46:13-36
60        <activity
60-->src\main\AndroidManifest.xml:47:9-50:39
61            android:name="com.sgtbps.students.StudentCourseDetail"
61-->src\main\AndroidManifest.xml:48:13-57
62            android:configChanges="orientation|keyboardHidden|screenSize|layoutDirection"
62-->src\main\AndroidManifest.xml:49:13-90
63            android:exported="true" />
63-->src\main\AndroidManifest.xml:50:13-36
64        <activity
64-->src\main\AndroidManifest.xml:51:9-53:39
65            android:name="com.sgtbps.students.StudentOnlineCourse"
65-->src\main\AndroidManifest.xml:52:13-57
66            android:exported="true" />
66-->src\main\AndroidManifest.xml:53:13-36
67        <activity
67-->src\main\AndroidManifest.xml:54:9-57:39
68            android:name="com.sgtbps.students.StudentStartLessonActivity"
68-->src\main\AndroidManifest.xml:55:13-64
69            android:configChanges="orientation|screenSize"
69-->src\main\AndroidManifest.xml:56:13-59
70            android:exported="true" />
70-->src\main\AndroidManifest.xml:57:13-36
71        <activity
71-->src\main\AndroidManifest.xml:58:9-60:39
72            android:name="com.sgtbps.students.StudentLiveClasses"
72-->src\main\AndroidManifest.xml:59:13-56
73            android:exported="true" />
73-->src\main\AndroidManifest.xml:60:13-36
74        <activity
74-->src\main\AndroidManifest.xml:61:9-63:39
75            android:name="com.sgtbps.students.StudentGmeetLiveClasses"
75-->src\main\AndroidManifest.xml:62:13-61
76            android:exported="true" />
76-->src\main\AndroidManifest.xml:63:13-36
77        <activity
77-->src\main\AndroidManifest.xml:64:9-66:39
78            android:name="com.sgtbps.students.NotificationList"
78-->src\main\AndroidManifest.xml:65:13-54
79            android:exported="true" />
79-->src\main\AndroidManifest.xml:66:13-36
80        <activity
80-->src\main\AndroidManifest.xml:67:9-70:39
81            android:name="com.sgtbps.students.StudentOnlineExamQuestionsNew"
81-->src\main\AndroidManifest.xml:68:13-67
82            android:configChanges="orientation|screenSize"
82-->src\main\AndroidManifest.xml:69:13-59
83            android:exported="true" />
83-->src\main\AndroidManifest.xml:70:13-36
84        <activity
84-->src\main\AndroidManifest.xml:71:9-73:39
85            android:name="com.sgtbps.students.StudentOnlineExamResult"
85-->src\main\AndroidManifest.xml:72:13-61
86            android:exported="true" />
86-->src\main\AndroidManifest.xml:73:13-36
87        <activity
87-->src\main\AndroidManifest.xml:74:9-76:39
88            android:name="com.sgtbps.students.StudentOnlineExam"
88-->src\main\AndroidManifest.xml:75:13-55
89            android:exported="true" />
89-->src\main\AndroidManifest.xml:76:13-36
90        <activity
90-->src\main\AndroidManifest.xml:77:9-79:39
91            android:name="com.sgtbps.AboutSchool"
91-->src\main\AndroidManifest.xml:78:13-40
92            android:exported="true" />
92-->src\main\AndroidManifest.xml:79:13-36
93        <activity
93-->src\main\AndroidManifest.xml:80:9-82:39
94            android:name="com.sgtbps.students.StudentTimeline"
94-->src\main\AndroidManifest.xml:81:13-53
95            android:exported="true" />
95-->src\main\AndroidManifest.xml:82:13-36
96        <activity
96-->src\main\AndroidManifest.xml:83:9-85:39
97            android:name="com.sgtbps.students.StudentDocuments"
97-->src\main\AndroidManifest.xml:84:13-54
98            android:exported="true" />
98-->src\main\AndroidManifest.xml:85:13-36
99        <activity
99-->src\main\AndroidManifest.xml:86:9-94:20
100            android:name="com.sgtbps.SplashActivity"
100-->src\main\AndroidManifest.xml:87:13-43
101            android:exported="true" >
101-->src\main\AndroidManifest.xml:88:13-36
102            <intent-filter>
102-->src\main\AndroidManifest.xml:89:13-93:29
103                <action android:name="android.intent.action.MAIN" />
103-->src\main\AndroidManifest.xml:90:17-69
103-->src\main\AndroidManifest.xml:90:25-66
104
105                <category android:name="android.intent.category.LAUNCHER" />
105-->src\main\AndroidManifest.xml:92:17-77
105-->src\main\AndroidManifest.xml:92:27-74
106            </intent-filter>
107        </activity>
108        <activity
108-->src\main\AndroidManifest.xml:95:9-97:39
109            android:name="com.sgtbps.Login"
109-->src\main\AndroidManifest.xml:96:13-34
110            android:exported="true" />
110-->src\main\AndroidManifest.xml:97:13-36
111        <activity
111-->src\main\AndroidManifest.xml:98:9-100:39
112            android:name="com.sgtbps.students.StudentProfile"
112-->src\main\AndroidManifest.xml:99:13-52
113            android:exported="true" />
113-->src\main\AndroidManifest.xml:100:13-36
114        <activity
114-->src\main\AndroidManifest.xml:101:9-103:39
115            android:name="com.sgtbps.students.StudentProfileNew"
115-->src\main\AndroidManifest.xml:102:13-55
116            android:exported="true" />
116-->src\main\AndroidManifest.xml:103:13-36
117        <activity
117-->src\main\AndroidManifest.xml:104:9-106:39
118            android:name="com.sgtbps.students.StudentProfileDetailsNew"
118-->src\main\AndroidManifest.xml:105:13-62
119            android:exported="true" />
119-->src\main\AndroidManifest.xml:106:13-36
120        <activity
120-->src\main\AndroidManifest.xml:107:9-109:39
121            android:name="com.sgtbps.students.StudentUploadHomework"
121-->src\main\AndroidManifest.xml:108:13-59
122            android:exported="true" />
122-->src\main\AndroidManifest.xml:109:13-36
123        <activity
123-->src\main\AndroidManifest.xml:110:9-112:39
124            android:name="com.sgtbps.ForgotPassword"
124-->src\main\AndroidManifest.xml:111:13-43
125            android:exported="true" />
125-->src\main\AndroidManifest.xml:112:13-36
126        <activity
126-->src\main\AndroidManifest.xml:113:9-115:39
127            android:name="com.sgtbps.BaseActivity"
127-->src\main\AndroidManifest.xml:114:13-41
128            android:exported="true" />
128-->src\main\AndroidManifest.xml:115:13-36
129        <activity
129-->src\main\AndroidManifest.xml:116:9-126:20
130            android:name="com.sgtbps.students.StudentFees"
130-->src\main\AndroidManifest.xml:117:13-49
131            android:exported="true" >
131-->src\main\AndroidManifest.xml:118:13-36
132            <intent-filter>
132-->src\main\AndroidManifest.xml:119:13-125:29
133                <action android:name="android.intent.action.VIEW" />
133-->src\main\AndroidManifest.xml:120:17-69
133-->src\main\AndroidManifest.xml:120:25-66
134
135                <category android:name="android.intent.category.DEFAULT" />
135-->src\main\AndroidManifest.xml:122:17-76
135-->src\main\AndroidManifest.xml:122:27-73
136
137                <data android:scheme="student_fees" />
137-->src\main\AndroidManifest.xml:124:17-55
137-->src\main\AndroidManifest.xml:124:23-52
138            </intent-filter>
139        </activity>
140        <activity
140-->src\main\AndroidManifest.xml:127:9-129:39
141            android:name="com.sgtbps.students.StudentNoticeBoard"
141-->src\main\AndroidManifest.xml:128:13-56
142            android:exported="true" />
142-->src\main\AndroidManifest.xml:129:13-36
143        <activity
143-->src\main\AndroidManifest.xml:130:9-132:39
144            android:name="com.sgtbps.students.StudentExaminationList"
144-->src\main\AndroidManifest.xml:131:13-60
145            android:exported="true" />
145-->src\main\AndroidManifest.xml:132:13-36
146        <activity
146-->src\main\AndroidManifest.xml:133:9-135:39
147            android:name="com.sgtbps.students.StudentReportCard_ExamListResult"
147-->src\main\AndroidManifest.xml:134:13-70
148            android:exported="true" />
148-->src\main\AndroidManifest.xml:135:13-36
149        <activity
149-->src\main\AndroidManifest.xml:136:9-138:39
150            android:name="com.sgtbps.students.StudentSubjectList"
150-->src\main\AndroidManifest.xml:137:13-56
151            android:exported="true" />
151-->src\main\AndroidManifest.xml:138:13-36
152        <activity
152-->src\main\AndroidManifest.xml:139:9-141:39
153            android:name="com.sgtbps.students.StudentTeachersList"
153-->src\main\AndroidManifest.xml:140:13-57
154            android:exported="true" />
154-->src\main\AndroidManifest.xml:141:13-36
155        <activity
155-->src\main\AndroidManifest.xml:142:9-144:39
156            android:name="com.sgtbps.students.StudentTransportRoutes"
156-->src\main\AndroidManifest.xml:143:13-60
157            android:exported="true" />
157-->src\main\AndroidManifest.xml:144:13-36
158        <activity
158-->src\main\AndroidManifest.xml:145:9-147:39
159            android:name="com.sgtbps.students.StudentDownloads"
159-->src\main\AndroidManifest.xml:146:13-54
160            android:exported="true" />
160-->src\main\AndroidManifest.xml:147:13-36
161        <activity
161-->src\main\AndroidManifest.xml:148:9-150:39
162            android:name="com.sgtbps.students.StudentAttendance"
162-->src\main\AndroidManifest.xml:149:13-55
163            android:exported="true" />
163-->src\main\AndroidManifest.xml:150:13-36
164        <activity
164-->src\main\AndroidManifest.xml:151:9-153:39
165            android:name="com.sgtbps.students.StudentReportCard_ExamList"
165-->src\main\AndroidManifest.xml:152:13-64
166            android:exported="true" />
166-->src\main\AndroidManifest.xml:153:13-36
167        <activity
167-->src\main\AndroidManifest.xml:154:9-156:39
168            android:name="com.sgtbps.students.StudentExamSchedule_ExamList"
168-->src\main\AndroidManifest.xml:155:13-66
169            android:exported="true" />
169-->src\main\AndroidManifest.xml:156:13-36
170        <activity
170-->src\main\AndroidManifest.xml:157:9-159:39
171            android:name="com.sgtbps.students.StudentExamSchedule"
171-->src\main\AndroidManifest.xml:158:13-57
172            android:exported="true" />
172-->src\main\AndroidManifest.xml:159:13-36
173        <activity
173-->src\main\AndroidManifest.xml:160:9-162:39
174            android:name="com.sgtbps.students.StudentHostel"
174-->src\main\AndroidManifest.xml:161:13-51
175            android:exported="true" />
175-->src\main\AndroidManifest.xml:162:13-36
176        <activity
176-->src\main\AndroidManifest.xml:163:9-165:39
177            android:name="com.sgtbps.students.StudentLibraryBook"
177-->src\main\AndroidManifest.xml:164:13-56
178            android:exported="true" />
178-->src\main\AndroidManifest.xml:165:13-36
179        <activity
179-->src\main\AndroidManifest.xml:166:9-168:39
180            android:name="com.sgtbps.students.StudentClassTimetable"
180-->src\main\AndroidManifest.xml:167:13-59
181            android:exported="true" />
181-->src\main\AndroidManifest.xml:168:13-36
182        <activity
182-->src\main\AndroidManifest.xml:169:9-171:39
183            android:name="com.sgtbps.students.StudentSyllabusTimetable"
183-->src\main\AndroidManifest.xml:170:13-62
184            android:exported="true" />
184-->src\main\AndroidManifest.xml:171:13-36
185        <activity
185-->src\main\AndroidManifest.xml:172:9-174:39
186            android:name="com.sgtbps.students.StudentSyllabusStatus"
186-->src\main\AndroidManifest.xml:173:13-59
187            android:exported="true" />
187-->src\main\AndroidManifest.xml:174:13-36
188        <activity
188-->src\main\AndroidManifest.xml:175:9-177:39
189            android:name="com.sgtbps.students.StudentHomework"
189-->src\main\AndroidManifest.xml:176:13-53
190            android:exported="true" />
190-->src\main\AndroidManifest.xml:177:13-36
191        <activity
191-->src\main\AndroidManifest.xml:178:9-180:39
192            android:name="com.sgtbps.students.StudentHomeworkDetails"
192-->src\main\AndroidManifest.xml:179:13-60
193            android:exported="true" />
193-->src\main\AndroidManifest.xml:180:13-36
194        <activity
194-->src\main\AndroidManifest.xml:181:9-183:39
195            android:name="com.sgtbps.students.StudentLibraryBookIssued"
195-->src\main\AndroidManifest.xml:182:13-62
196            android:exported="true" />
196-->src\main\AndroidManifest.xml:183:13-36
197        <activity
197-->src\main\AndroidManifest.xml:184:9-186:39
198            android:name="com.sgtbps.students.StudentAppyLeave"
198-->src\main\AndroidManifest.xml:185:13-54
199            android:exported="true" />
199-->src\main\AndroidManifest.xml:186:13-36
200        <activity
200-->src\main\AndroidManifest.xml:187:9-189:39
201            android:name="com.sgtbps.students.StudentAddLeave"
201-->src\main\AndroidManifest.xml:188:13-53
202            android:exported="true" />
202-->src\main\AndroidManifest.xml:189:13-36
203        <activity
203-->src\main\AndroidManifest.xml:190:9-192:39
204            android:name="com.sgtbps.students.StudentEditLeave"
204-->src\main\AndroidManifest.xml:191:13-54
205            android:exported="true" />
205-->src\main\AndroidManifest.xml:192:13-36
206        <activity
206-->src\main\AndroidManifest.xml:193:9-195:39
207            android:name="com.sgtbps.students.StudentSyllabus"
207-->src\main\AndroidManifest.xml:194:13-53
208            android:exported="true" />
208-->src\main\AndroidManifest.xml:195:13-36
209        <activity
209-->src\main\AndroidManifest.xml:196:9-198:39
210            android:name="com.sgtbps.students.StudentOnlineQuizResult"
210-->src\main\AndroidManifest.xml:197:13-61
211            android:exported="true" />
211-->src\main\AndroidManifest.xml:198:13-36
212        <activity
212-->src\main\AndroidManifest.xml:199:9-201:39
213            android:name="com.sgtbps.students.StudentSyllabuslesson"
213-->src\main\AndroidManifest.xml:200:13-59
214            android:exported="true" />
214-->src\main\AndroidManifest.xml:201:13-36
215        <activity
215-->src\main\AndroidManifest.xml:202:9-204:39
216            android:name="com.sgtbps.students.StudentOnlineCourseQuiz"
216-->src\main\AndroidManifest.xml:203:13-61
217            android:exported="true" />
217-->src\main\AndroidManifest.xml:204:13-36
218        <activity
218-->src\main\AndroidManifest.xml:205:9-208:39
219            android:name="com.sgtbps.TakeUrl"
219-->src\main\AndroidManifest.xml:206:13-36
220            android:configChanges="orientation|screenSize"
220-->src\main\AndroidManifest.xml:207:13-59
221            android:exported="true" />
221-->src\main\AndroidManifest.xml:208:13-36
222        <activity
222-->src\main\AndroidManifest.xml:209:9-211:39
223            android:name="com.sgtbps.OpenPdf"
223-->src\main\AndroidManifest.xml:210:13-36
224            android:exported="true" />
224-->src\main\AndroidManifest.xml:211:13-36
225        <activity
225-->src\main\AndroidManifest.xml:212:9-215:39
226            android:name="com.sgtbps.students.StudentDashboard"
226-->src\main\AndroidManifest.xml:213:13-54
227            android:configChanges="orientation|keyboardHidden|screenSize"
227-->src\main\AndroidManifest.xml:214:13-74
228            android:exported="true" />
228-->src\main\AndroidManifest.xml:215:13-36
229        <activity
229-->src\main\AndroidManifest.xml:216:9-218:39
230            android:name="com.sgtbps.students.StudentTasks"
230-->src\main\AndroidManifest.xml:217:13-50
231            android:exported="true" />
231-->src\main\AndroidManifest.xml:218:13-36
232        <activity
232-->src\main\AndroidManifest.xml:219:9-221:39
233            android:name="com.sgtbps.students.Payment"
233-->src\main\AndroidManifest.xml:220:13-45
234            android:exported="true" />
234-->src\main\AndroidManifest.xml:221:13-36
235        <activity
235-->src\main\AndroidManifest.xml:222:9-224:39
236            android:name="com.sgtbps.students.CoursePayment"
236-->src\main\AndroidManifest.xml:223:13-51
237            android:exported="true" />
237-->src\main\AndroidManifest.xml:224:13-36
238        <activity
238-->src\main\AndroidManifest.xml:225:9-229:53
239            android:name="com.sgtbps.students.CourseVideoPlay"
239-->src\main\AndroidManifest.xml:226:13-53
240            android:configChanges="orientation|screenSize"
240-->src\main\AndroidManifest.xml:227:13-59
241            android:exported="true"
241-->src\main\AndroidManifest.xml:228:13-36
242            android:screenOrientation="landscape" />
242-->src\main\AndroidManifest.xml:229:13-50
243        <activity
243-->src\main\AndroidManifest.xml:230:9-232:39
244            android:name="com.sgtbps.students.LiveClasses"
244-->src\main\AndroidManifest.xml:231:13-49
245            android:exported="true" />
245-->src\main\AndroidManifest.xml:232:13-36
246
247        <service
247-->src\main\AndroidManifest.xml:234:9-240:19
248            android:name="com.sgtbps.utils.MyFirebaseMessagingService"
248-->src\main\AndroidManifest.xml:235:13-61
249            android:exported="true" >
249-->src\main\AndroidManifest.xml:236:13-36
250            <intent-filter>
250-->src\main\AndroidManifest.xml:237:13-239:29
251                <action android:name="com.google.firebase.MESSAGING_EVENT" />
251-->src\main\AndroidManifest.xml:238:17-78
251-->src\main\AndroidManifest.xml:238:25-75
252            </intent-filter>
253        </service>
254        <!--
255             FirebaseMessagingService performs security checks at runtime,
256             but set to not exported to explicitly avoid allowing another app to call it.
257        -->
258        <service
258-->[com.google.firebase:firebase-messaging:20.0.0] AndroidManifest.xml:28:9-34:19
259            android:name="com.google.firebase.messaging.FirebaseMessagingService"
259-->[com.google.firebase:firebase-messaging:20.0.0] AndroidManifest.xml:29:13-82
260            android:exported="false" >
260-->[com.google.firebase:firebase-messaging:20.0.0] AndroidManifest.xml:30:13-37
261            <intent-filter android:priority="-500" >
261-->src\main\AndroidManifest.xml:237:13-239:29
262                <action android:name="com.google.firebase.MESSAGING_EVENT" />
262-->src\main\AndroidManifest.xml:238:17-78
262-->src\main\AndroidManifest.xml:238:25-75
263            </intent-filter>
264        </service>
265        <service
265-->[com.google.firebase:firebase-iid:20.0.0] AndroidManifest.xml:29:9-35:19
266            android:name="com.google.firebase.components.ComponentDiscoveryService"
266-->[com.google.firebase:firebase-iid:20.0.0] AndroidManifest.xml:30:13-84
267            android:exported="false" >
267-->[com.google.firebase:firebase-iid:20.0.0] AndroidManifest.xml:31:13-37
268            <meta-data
268-->[com.google.firebase:firebase-iid:20.0.0] AndroidManifest.xml:32:13-34:85
269                android:name="com.google.firebase.components:com.google.firebase.iid.Registrar"
269-->[com.google.firebase:firebase-iid:20.0.0] AndroidManifest.xml:33:17-96
270                android:value="com.google.firebase.components.ComponentRegistrar" />
270-->[com.google.firebase:firebase-iid:20.0.0] AndroidManifest.xml:34:17-82
271        </service>
272
273        <receiver
273-->[com.google.firebase:firebase-iid:20.0.0] AndroidManifest.xml:37:9-44:20
274            android:name="com.google.firebase.iid.FirebaseInstanceIdReceiver"
274-->[com.google.firebase:firebase-iid:20.0.0] AndroidManifest.xml:38:13-78
275            android:exported="true"
275-->[com.google.firebase:firebase-iid:20.0.0] AndroidManifest.xml:39:13-36
276            android:permission="com.google.android.c2dm.permission.SEND" >
276-->[com.google.firebase:firebase-iid:20.0.0] AndroidManifest.xml:40:13-73
277            <intent-filter>
277-->[com.google.firebase:firebase-iid:20.0.0] AndroidManifest.xml:41:13-43:29
278                <action android:name="com.google.android.c2dm.intent.RECEIVE" />
278-->[com.google.firebase:firebase-iid:20.0.0] AndroidManifest.xml:42:17-81
278-->[com.google.firebase:firebase-iid:20.0.0] AndroidManifest.xml:42:25-78
279            </intent-filter>
280        </receiver>
281
282        <provider
282-->[com.google.firebase:firebase-common:19.0.0] AndroidManifest.xml:12:9-16:39
283            android:name="com.google.firebase.provider.FirebaseInitProvider"
283-->[com.google.firebase:firebase-common:19.0.0] AndroidManifest.xml:13:13-77
284            android:authorities="com.sgtbps.firebaseinitprovider"
284-->[com.google.firebase:firebase-common:19.0.0] AndroidManifest.xml:14:13-72
285            android:exported="false"
285-->[com.google.firebase:firebase-common:19.0.0] AndroidManifest.xml:15:13-37
286            android:initOrder="100" />
286-->[com.google.firebase:firebase-common:19.0.0] AndroidManifest.xml:16:13-36
287
288        <activity
288-->[com.google.android.gms:play-services-base:17.0.0] AndroidManifest.xml:23:9-26:75
289            android:name="com.google.android.gms.common.api.GoogleApiActivity"
289-->[com.google.android.gms:play-services-base:17.0.0] AndroidManifest.xml:24:13-79
290            android:exported="false"
290-->[com.google.android.gms:play-services-base:17.0.0] AndroidManifest.xml:25:13-37
291            android:theme="@android:style/Theme.Translucent.NoTitleBar" />
291-->[com.google.android.gms:play-services-base:17.0.0] AndroidManifest.xml:26:13-72
292
293        <meta-data
293-->[com.google.android.gms:play-services-basement:17.0.0] AndroidManifest.xml:23:9-25:69
294            android:name="com.google.android.gms.version"
294-->[com.google.android.gms:play-services-basement:17.0.0] AndroidManifest.xml:24:13-58
295            android:value="@integer/google_play_services_version" />
295-->[com.google.android.gms:play-services-basement:17.0.0] AndroidManifest.xml:25:13-66
296    </application>
297
298</manifest>